{
  "stats": {
    "suites": 1,
    "tests": 1,
    "passes": 1,
    "pending": 0,
    "failures": 0,
    "start": "2024-03-06T05:43:38.984Z",
    "end": "2024-03-06T05:43:42.254Z",
    "duration": 3270,
    "testsRegistered": 1,
    "passPercent": 100,
    "pendingPercent": 0,
    "other": 0,
    "hasOther": false,
    "skipped": 0,
    "hasSkipped": false
  },
  "results": [
    {
      "uuid": "5a3ab7d9-4411-44c4-9d1e-b2bd39e13c3e",
      "title": "",
      "fullFile": "cypress\\e2e\\test\\swagLabs\\redes_sociales\\redes_sociales.cy.js",
      "file": "cypress\\e2e\\test\\swagLabs\\redes_sociales\\redes_sociales.cy.js",
      "beforeHooks": [],
      "afterHooks": [],
      "tests": [],
      "suites": [
        {
          "uuid": "7ca48994-256a-4d97-9044-9d3f10222553",
          "title": "Casos de pruebas: Redes Sociales",
          "fullFile": "",
          "file": "",
          "beforeHooks": [],
          "afterHooks": [],
          "tests": [
            {
              "title": "Validar URL’s de las redes sociales de 'Swag Labs'",
              "fullTitle": "Casos de pruebas: Redes Sociales Validar URL’s de las redes sociales de 'Swag Labs'",
              "timedOut": null,
              "duration": 1678,
              "state": "passed",
              "speed": "fast",
              "pass": true,
              "fail": false,
              "pending": false,
              "context": null,
              "code": "_Product.ProductPage.elements.twitter_link().invoke(\"attr\", \"href\").should(\"eq\", the.twitterUrl);\n_Product.ProductPage.elements.facebook_link().invoke(\"attr\", \"href\").should(\"eq\", the.facebookUrl);\n_Product.ProductPage.elements.linkedin_link().invoke(\"attr\", \"href\").should(\"eq\", the.linkedinUrl);",
              "err": {},
              "uuid": "e3c24486-e992-4ef2-95c7-f09dfddd77ec",
              "parentUUID": "7ca48994-256a-4d97-9044-9d3f10222553",
              "isHook": false,
              "skipped": false
            }
          ],
          "suites": [],
          "passes": [
            "e3c24486-e992-4ef2-95c7-f09dfddd77ec"
          ],
          "failures": [],
          "pending": [],
          "skipped": [],
          "duration": 1678,
          "root": false,
          "rootEmpty": false,
          "_timeout": 2000
        }
      ],
      "passes": [],
      "failures": [],
      "pending": [],
      "skipped": [],
      "duration": 0,
      "root": true,
      "rootEmpty": true,
      "_timeout": 2000
    }
  ],
  "meta": {
    "mocha": {
      "version": "7.0.1"
    },
    "mochawesome": {
      "options": {
        "quiet": false,
        "reportFilename": "mochawesome",
        "saveHtml": true,
        "saveJson": true,
        "consoleReporter": "spec",
        "useInlineDiffs": false,
        "code": true
      },
      "version": "7.1.3"
    },
    "marge": {
      "options": null,
      "version": "6.2.0"
    }
  }
}